-------------------------------------------------------------------------------
Test set: com.module.SpringAuthenticationApplicationTests
-------------------------------------------------------------------------------
Tests run: 1, Failures: 0, Errors: 1, Skipped: 0, Time elapsed: 0.142 s <<< FAILURE! - in com.module.SpringAuthenticationApplicationTests
com.module.SpringAuthenticationApplicationTests  Time elapsed: 0.142 s  <<< ERROR!
java.lang.IllegalStateException: Unable to find a @SpringBootConfiguration, you need to use @ContextConfiguration or @SpringBootTest(classes=...) with your test

